{"numTotalTestSuites":2,"numPassedTestSuites":0,"numFailedTestSuites":2,"numPendingTestSuites":0,"numTotalTests":13,"numPassedTests":12,"numFailedTests":1,"numPendingTests":0,"numTodoTests":0,"snapshot":{"added":0,"failure":false,"filesAdded":0,"filesRemoved":0,"filesRemovedList":[],"filesUnmatched":0,"filesUpdated":0,"matched":0,"total":0,"unchecked":0,"uncheckedKeysByFile":[],"unmatched":0,"updated":0,"didUpdate":false},"startTime":1771363833147,"success":false,"testResults":[{"assertionResults":[{"ancestorTitles":["DatePicker.Root"],"fullName":"DatePicker.Root opens calendar when trigger is clicked","status":"passed","title":"opens calendar when trigger is clicked","duration":237.20000004768372,"failureMessages":[],"meta":{}},{"ancestorTitles":["DatePicker.Root"],"fullName":"DatePicker.Root keeps focus on segment and does not open popover on segment click","status":"passed","title":"keeps focus on segment and does not open popover on segment click","duration":9,"failureMessages":[],"meta":{}},{"ancestorTitles":["DatePicker.Root"],"fullName":"DatePicker.Root updates value when selecting a date from calendar","status":"passed","title":"updates value when selecting a date from calendar","duration":81.5,"failureMessages":[],"meta":{}},{"ancestorTitles":["DatePicker.Root"],"fullName":"DatePicker.Root closes popover after calendar selection when closeOnSelect is true","status":"passed","title":"closes popover after calendar selection when closeOnSelect is true","duration":130.30000007152557,"failureMessages":[],"meta":{}},{"ancestorTitles":["DatePicker.Root"],"fullName":"DatePicker.Root restores trigger as focus-visible when calendar selection is confirmed via keyboard","status":"failed","title":"restores trigger as focus-visible when calendar selection is confirmed via keyboard","duration":1117.1999999284744,"failureMessages":["Error: expected null to be 'true' // Object.is equality\n    at Proxy.<anonymous> (http://localhost:63315/@fs/C:/Users/Agustin%20Delgado/Desktop/Agustin/svelte-components/node_modules/.bun/vitest@4.0.17+f9611516b52773f3/node_modules/vitest/dist/chunks/vi.2VT5v0um.js?v=0b36b35a:55:47)\n    at http://localhost:63315/@fs/C:/Users/Agustin%20Delgado/Desktop/Agustin/svelte-components/packages/svelte/src/lib/datepicker/root/date-picker-root.test.ts?import&browserv=1771363834924:86:84\n    at async http://localhost:63315/@fs/C:/Users/Agustin%20Delgado/Desktop/Agustin/svelte-components/node_modules/.bun/@vitest+runner@4.0.17/node_modules/@vitest/runner/dist/index.js?v=0b36b35a:915:20"],"meta":{}},{"ancestorTitles":["DatePicker.Root"],"fullName":"DatePicker.Root clears active segment focused state when focus moves outside date picker","status":"passed","title":"clears active segment focused state when focus moves outside date picker","duration":62.90000009536743,"failureMessages":[],"meta":{}},{"ancestorTitles":["DatePicker.Root"],"fullName":"DatePicker.Root does not open calendar or allow value changes in readOnly mode","status":"passed","title":"does not open calendar or allow value changes in readOnly mode","duration":3.600000023841858,"failureMessages":[],"meta":{}},{"ancestorTitles":["DatePicker.Root"],"fullName":"DatePicker.Root does not open calendar or edit segments when disabled","status":"passed","title":"does not open calendar or edit segments when disabled","duration":8.899999976158142,"failureMessages":[],"meta":{}},{"ancestorTitles":["DatePicker.Root"],"fullName":"DatePicker.Root supports bind:open and bind:value updates","status":"passed","title":"supports bind:open and bind:value updates","duration":64.29999995231628,"failureMessages":[],"meta":{}},{"ancestorTitles":["DatePicker.Root"],"fullName":"DatePicker.Root clears bound value when editing makes the draft invalid","status":"passed","title":"clears bound value when editing makes the draft invalid","duration":36.700000047683716,"failureMessages":[],"meta":{}},{"ancestorTitles":["DatePicker.Root"],"fullName":"DatePicker.Root emits null from undefined on first invalid partial draft","status":"passed","title":"emits null from undefined on first invalid partial draft","duration":17.100000023841858,"failureMessages":[],"meta":{}},{"ancestorTitles":["DatePicker.Root"],"fullName":"DatePicker.Root keeps focus contract invariant for root attributes","status":"passed","title":"keeps focus contract invariant for root attributes","duration":67.60000002384186,"failureMessages":[],"meta":{}},{"ancestorTitles":["DatePicker.Root"],"fullName":"DatePicker.Root never sets focus data attributes to false","status":"passed","title":"never sets focus data attributes to false","duration":92.59999990463257,"failureMessages":[],"meta":{}}],"startTime":1771363835789,"endTime":1771363837718.6,"status":"failed","message":"","name":"C:/Users/Agustin Delgado/Desktop/Agustin/svelte-components/packages/svelte/src/lib/datepicker/root/date-picker-root.test.ts"}]}